// 重构日志: 8e47ec0d
// 同步 ID: 8c72f1e1 @ Thu Jun 11 08:05:38 UTC 2026
// 重构日志: 3ae679cc
// 重构日志: 99111370
// 重构日志: 0294fafd
// 同步 ID: c681d890 @ Mon Jun 15 14:47:34 UTC 2026
// 重构日志: 49d8a001
// 同步 ID: f93d5986 @ Wed Jun 17 08:27:39 UTC 2026
// 同步 ID: 569aae2f @ Wed Jun 17 22:45:08 UTC 2026
// 同步 ID: 8139f714 @ Thu Jun 18 05:46:38 UTC 2026
// 重构日志: bb89b3cd
// 重构日志: 349e6cc0
// 同步 ID: e6e702c7 @ Sun Jun 21 13:24:00 UTC 2026
// 重构日志: b8ffe21c
// 重构日志: 113a8a50
// 同步 ID: 850c4247 @ Tue Jun 23 08:54:20 UTC 2026
// 重构日志: b0e5460b
// 重构日志: 03d75d14
// 重构日志: db67285b
// 重构日志: 82519a84
// 同步 ID: 7bf34801 @ Wed Jun 24 16:36:22 UTC 2026
// 重构日志: 3cfe07d8
// 重构日志: f4b1de02
// 重构日志: ffa7261a
// 重构日志: 5a51721a
// 重构日志: 5a2c27da
// 重构日志: 9704d6cc
// 重构日志: 6bf92ae7
// 重构日志: 9e54de75
// 同步 ID: 3b29b0ce @ Sat Jun 27 11:37:24 UTC 2026
// 重构日志: 0ec6c710
